2025-03-08 02:47:29,998{GMT}	INFO	[jepsen test runner] jepsen.core: Test version 09e10a86925292b91ae68d230670f0c915b1c440 (plus uncommitted changes)
2025-03-08 02:47:30,000{GMT}	INFO	[jepsen test runner] jepsen.core: Command line:
lein run test -w echo --bin ./target/debug/raita --node-count 1 --time-limit 10
2025-03-08 02:47:30,146{GMT}	INFO	[jepsen test runner] jepsen.core: Running test:
{:args []
 :remote
 #jepsen.control.retry.Remote{:remote #jepsen.control.scp.Remote{:cmd-remote #jepsen.control.sshj.SSHJRemote{:concurrency-limit 6,
                                                                                                             :conn-spec nil,
                                                                                                             :client nil,
                                                                                                             :semaphore nil},
                                                                 :conn-spec nil},
                              :conn nil}
 :log-net-send false
 :node-count 1
 :availability nil
 :max-txn-length 4
 :concurrency 1
 :db
 #object[maelstrom.db$db$reify__16142
         "0x32fccfc2"
         "maelstrom.db$db$reify__16142@32fccfc2"]
 :max-writes-per-key 16
 :leave-db-running? false
 :name "echo"
 :logging-json? false
 :start-time
 #object[org.joda.time.DateTime "0x62dfe32e" "2025-03-08T02:47:29.395+05:30"]
 :nemesis-interval 10
 :net
 #object[maelstrom.net$jepsen_net$reify__15251
         "0x32dab011"
         "maelstrom.net$jepsen_net$reify__15251@32dab011"]
 :client
 #object[maelstrom.workload.echo$client$reify__16863
         "0xfca4392"
         "maelstrom.workload.echo$client$reify__16863@fca4392"]
 :barrier
 #object[java.util.concurrent.CyclicBarrier
         "0x747fb4b1"
         "java.util.concurrent.CyclicBarrier@747fb4b1"]
 :log-stderr false
 :pure-generators true
 :ssh {:dummy? true}
 :rate 5
 :checker
 #object[jepsen.checker$compose$reify__11881
         "0x6924ff83"
         "jepsen.checker$compose$reify__11881@6924ff83"]
 :argv
 ("test"
  "-w"
  "echo"
  "--bin"
  "./target/debug/raita"
  "--node-count"
  "1"
  "--time-limit"
  "10")
 :nemesis
 (jepsen.nemesis.ReflCompose
  {:fm {:start-partition 0,
        :stop-partition 0,
        :kill 1,
        :start 1,
        :pause 1,
        :resume 1},
   :nemeses [#unprintable "jepsen.nemesis.combined$partition_nemesis$reify__16416@e19908e"
             #unprintable "jepsen.nemesis.combined$db_nemesis$reify__16397@5312940c"]})
 :nodes ["n0"]
 :test-count 1
 :latency {:mean 0, :dist :constant}
 :bin "./target/debug/raita"
 :generator
 (jepsen.generator.TimeLimit
  {:limit 10000000000,
   :cutoff nil,
   :gen (jepsen.generator.Any
         {:gens [(jepsen.generator.OnThreads
                  {:f #{:nemesis},
                   :context-filter #object[jepsen.generator.context$make_thread_filter$lazy_filter__9167
                                           "0x37b17938"
                                           "jepsen.generator.context$make_thread_filter$lazy_filter__9167@37b17938"],
                   :gen nil})
                 (jepsen.generator.OnThreads
                  {:f #jepsen.generator.context.AllBut{:element :nemesis},
                   :context-filter #object[jepsen.generator.context$make_thread_filter$lazy_filter__9167
                                           "0x54ba7b3f"
                                           "jepsen.generator.context$make_thread_filter$lazy_filter__9167@54ba7b3f"],
                   :gen (jepsen.generator.Stagger
                         {:dt 400000000,
                          :next-time nil,
                          :gen (jepsen.generator.EachThread
                                {:fresh-gen #object[maelstrom.workload.echo$workload$fn__16882
                                                    "0x3f3b0b19"
                                                    "maelstrom.workload.echo$workload$fn__16882@3f3b0b19"],
                                 :context-filters #object[clojure.core$promise$reify__8591
                                                          "0x3aac9173"
                                                          {:status :pending,
                                                           :val nil}],
                                 :gens {}})})})]})})
 :log-net-recv false
 :os
 #object[maelstrom.net$jepsen_os$reify__15254
         "0x6e847a7"
         "maelstrom.net$jepsen_os$reify__15254@6e847a7"]
 :time-limit 10
 :workload :echo
 :consistency-models [:strict-serializable]
 :topology :grid}

2025-03-08 02:47:32,859{GMT}	INFO	[jepsen node n0] maelstrom.net: Starting Maelstrom network
2025-03-08 02:47:32,865{GMT}	INFO	[jepsen test runner] jepsen.db: Tearing down DB
2025-03-08 02:47:32,871{GMT}	INFO	[jepsen test runner] jepsen.db: Setting up DB
2025-03-08 02:47:32,876{GMT}	INFO	[jepsen node n0] maelstrom.service: Starting services: (lin-kv lin-tso lww-kv seq-kv)
2025-03-08 02:47:32,884{GMT}	INFO	[jepsen node n0] maelstrom.db: Setting up n0
2025-03-08 02:47:32,887{GMT}	INFO	[jepsen node n0] maelstrom.process: launching ./target/debug/raita []
2025-03-08 02:47:43,004{GMT}	INFO	[jepsen node n0] maelstrom.db: Tearing down n0
2025-03-08 02:47:44,975{GMT}	INFO	[jepsen node n0] maelstrom.net: Shutting down Maelstrom network
2025-03-08 02:47:44,989{GMT}	WARN	[jepsen test runner] jepsen.core: Test crashed!
clojure.lang.ExceptionInfo: Expected node n0 to respond to an init message, but node did not respond.
	at slingshot.support$stack_trace.invoke(support.clj:201)
	at maelstrom.db$db$reify__16142.setup_BANG_(db.clj:63)
	at jepsen.db$fn__8729$G__8723__8733.invoke(db.clj:12)
	at jepsen.db$fn__8729$G__8722__8738.invoke(db.clj:12)
	at clojure.core$partial$fn__5908.invoke(core.clj:2642)
	at jepsen.control$on_nodes$fn__8599.invoke(control.clj:314)
	at clojure.lang.AFn.applyToHelper(AFn.java:154)
	at clojure.lang.AFn.applyTo(AFn.java:144)
	at clojure.core$apply.invokeStatic(core.clj:667)
	at clojure.core$with_bindings_STAR_.invokeStatic(core.clj:1990)
	at clojure.core$with_bindings_STAR_.doInvoke(core.clj:1990)
	at clojure.lang.RestFn.applyTo(RestFn.java:142)
	at clojure.core$apply.invokeStatic(core.clj:671)
	at clojure.core$bound_fn_STAR_$fn__5818.doInvoke(core.clj:2020)
	at clojure.lang.RestFn.invoke(RestFn.java:408)
	at dom_top.core$real_pmap_helper$build_thread__211$fn__212.invoke(core.clj:163)
	at clojure.lang.AFn.applyToHelper(AFn.java:152)
	at clojure.lang.AFn.applyTo(AFn.java:144)
	at clojure.core$apply.invokeStatic(core.clj:667)
	at clojure.core$with_bindings_STAR_.invokeStatic(core.clj:1990)
	at clojure.core$with_bindings_STAR_.doInvoke(core.clj:1990)
	at clojure.lang.RestFn.invoke(RestFn.java:425)
	at clojure.lang.AFn.applyToHelper(AFn.java:156)
	at clojure.lang.RestFn.applyTo(RestFn.java:132)
	at clojure.core$apply.invokeStatic(core.clj:671)
	at clojure.core$bound_fn_STAR_$fn__5818.doInvoke(core.clj:2020)
	at clojure.lang.RestFn.invoke(RestFn.java:397)
	at clojure.lang.AFn.run(AFn.java:22)
	at java.base/java.lang.Thread.run(Thread.java:1575)
Caused by: clojure.lang.ExceptionInfo: Client read timeout
	at slingshot.support$stack_trace.invoke(support.clj:201)
	at maelstrom.client$recv_BANG_.invokeStatic(client.clj:98)
	at maelstrom.client$recv_BANG_.invoke(client.clj:81)
	at maelstrom.client$send_PLUS_recv_BANG_.invokeStatic(client.clj:123)
	at maelstrom.client$send_PLUS_recv_BANG_.invoke(client.clj:119)
	at maelstrom.client$rpc_BANG_.invokeStatic(client.clj:149)
	at maelstrom.client$rpc_BANG_.invoke(client.clj:140)
	at maelstrom.db$db$reify__16142.setup_BANG_(db.clj:48)
	... 27 common frames omitted
